#
# There is insufficient memory for the Java Runtime Environment to continue.
# Native memory allocation (mmap) failed to map 100663296 bytes for G1 virtual space
# Possible reasons:
#   The system is out of physical RAM or swap space
#   The process is running with CompressedOops enabled, and the Java Heap may be blocking the growth of the native heap
# Possible solutions:
#   Reduce memory load on the system
#   Increase physical memory or swap space
#   Check if swap backing store is full
#   Decrease Java heap size (-Xmx/-Xms)
#   Decrease number of Java threads
#   Decrease Java thread stack sizes (-Xss)
#   Set larger code cache with -XX:ReservedCodeCacheSize=
#   JVM is running with Zero Based Compressed Oops mode in which the Java heap is
#     placed in the first 32GB address space. The Java Heap base address is the
#     maximum limit for the native heap growth. Please use -XX:HeapBaseMinAddress
#     to set the Java Heap base and to place the Java Heap above 32GB virtual address.
# This output file may be truncated or incomplete.
#
#  Out of Memory Error (os_windows.cpp:3600), pid=9184, tid=23392
#
# JRE version: Java(TM) SE Runtime Environment (21.0.1+12) (build 21.0.1+12-LTS-29)
# Java VM: Java HotSpot(TM) 64-Bit Server VM (21.0.1+12-LTS-29, mixed mode, sharing, tiered, compressed oops, compressed class ptrs, g1 gc, windows-amd64)
# No core dump will be written. Minidumps are not enabled by default on client versions of Windows
#

---------------  S U M M A R Y ------------

Command Line: -XX:+ShowCodeDetailsInExceptionMessages spring.jsb_organic.JsbOrganicApplication

Host: 11th Gen Intel(R) Core(TM) i5-11400H @ 2.70GHz, 12 cores, 15G,  Windows 11 , 64 bit Build 22621 (10.0.22621.3958)
Time: Mon Sep 23 21:08:16 2024 SE Asia Standard Time elapsed time: 60.171742 seconds (0d 0h 1m 0s)

---------------  T H R E A D  ---------------

Current thread (0x000001583eb27da0):  VMThread "VM Thread"          [id=23392, stack(0x00000051c1f00000,0x00000051c2000000) (1024K)]

Stack: [0x00000051c1f00000,0x00000051c2000000]
Native frames: (J=compiled Java code, j=interpreted, Vv=VM code, C=native code)
V  [jvm.dll+0x6c9029]
V  [jvm.dll+0x854b81]
V  [jvm.dll+0x856e5e]
V  [jvm.dll+0x857543]
V  [jvm.dll+0x280c06]
V  [jvm.dll+0x6c5715]
V  [jvm.dll+0x6ba10a]
V  [jvm.dll+0x3557ea]
V  [jvm.dll+0x35d436]
V  [jvm.dll+0x3ae1be]
V  [jvm.dll+0x3ae468]
V  [jvm.dll+0x3291fc]
V  [jvm.dll+0x329287]
V  [jvm.dll+0x36db3c]
V  [jvm.dll+0x36c33d]
V  [jvm.dll+0x328971]
V  [jvm.dll+0x36ba4a]
V  [jvm.dll+0x85d048]
V  [jvm.dll+0x85e144]
V  [jvm.dll+0x85e680]
V  [jvm.dll+0x85e923]
V  [jvm.dll+0x7fd728]
V  [jvm.dll+0x6c777d]
C  [ucrtbase.dll+0x29333]
C  [KERNEL32.DLL+0x1257d]
C  [ntdll.dll+0x5af28]

VM_Operation (0x00000051c3ef7800): G1CollectForAllocation, mode: safepoint, requested by thread 0x00000158898d0480


---------------  P R O C E S S  ---------------

Threads class SMR info:
_java_thread_list=0x00000158870e7ed0, length=29, elements={
0x000001583eb42460, 0x000001583eb43470, 0x000001583eb45960, 0x000001583eb4b740,
0x000001583eb4d510, 0x000001583eb4df70, 0x000001583f2b8090, 0x000001583f2c3c90,
0x000001583f4050b0, 0x000001583f40b130, 0x0000015887205c40, 0x0000015885ca0660,
0x0000015886a43820, 0x00000158876d02d0, 0x00000158856d77c0, 0x00000158898d0480,
0x00000158898cc970, 0x00000158898cd000, 0x00000158898cdd20, 0x00000158898cbc50,
0x00000158898cc2e0, 0x00000158898cd690, 0x00000158898ce3b0, 0x00000158898cea40,
0x00000158898cf0d0, 0x00000158898ca210, 0x00000158898cf760, 0x00000158898cfdf0,
0x000001588a1fc8d0
}

Java Threads: ( => current thread )
  0x000001583eb42460 JavaThread "Reference Handler"          daemon [_thread_blocked, id=14872, stack(0x00000051c2000000,0x00000051c2100000) (1024K)]
  0x000001583eb43470 JavaThread "Finalizer"                  daemon [_thread_blocked, id=3976, stack(0x00000051c2100000,0x00000051c2200000) (1024K)]
  0x000001583eb45960 JavaThread "Signal Dispatcher"          daemon [_thread_blocked, id=20828, stack(0x00000051c2200000,0x00000051c2300000) (1024K)]
  0x000001583eb4b740 JavaThread "Attach Listener"            daemon [_thread_blocked, id=6448, stack(0x00000051c2300000,0x00000051c2400000) (1024K)]
  0x000001583eb4d510 JavaThread "Service Thread"             daemon [_thread_blocked, id=27576, stack(0x00000051c2400000,0x00000051c2500000) (1024K)]
  0x000001583eb4df70 JavaThread "Monitor Deflation Thread"   daemon [_thread_blocked, id=21184, stack(0x00000051c2500000,0x00000051c2600000) (1024K)]
  0x000001583f2b8090 JavaThread "C2 CompilerThread0"         daemon [_thread_blocked, id=13132, stack(0x00000051c2600000,0x00000051c2700000) (1024K)]
  0x000001583f2c3c90 JavaThread "C1 CompilerThread0"         daemon [_thread_blocked, id=22120, stack(0x00000051c2700000,0x00000051c2800000) (1024K)]
  0x000001583f4050b0 JavaThread "Notification Thread"        daemon [_thread_blocked, id=27400, stack(0x00000051c2800000,0x00000051c2900000) (1024K)]
  0x000001583f40b130 JavaThread "Common-Cleaner"             daemon [_thread_blocked, id=28040, stack(0x00000051c2900000,0x00000051c2a00000) (1024K)]
  0x0000015887205c40 JavaThread "Catalina-utility-1"                [_thread_blocked, id=26816, stack(0x00000051c3700000,0x00000051c3800000) (1024K)]
  0x0000015885ca0660 JavaThread "Catalina-utility-2"                [_thread_blocked, id=25712, stack(0x00000051c3800000,0x00000051c3900000) (1024K)]
  0x0000015886a43820 JavaThread "container-0"                       [_thread_blocked, id=19284, stack(0x00000051c3900000,0x00000051c3a00000) (1024K)]
  0x00000158876d02d0 JavaThread "mysql-cj-abandoned-connection-cleanup" daemon [_thread_blocked, id=29084, stack(0x00000051c3a00000,0x00000051c3b00000) (1024K)]
  0x00000158856d77c0 JavaThread "HikariPool-1 housekeeper"   daemon [_thread_blocked, id=11004, stack(0x00000051c3b00000,0x00000051c3c00000) (1024K)]
  0x00000158898d0480 JavaThread "http-nio-6868-exec-1"       daemon [_thread_blocked, id=22040, stack(0x00000051c3e00000,0x00000051c3f00000) (1024K)]
  0x00000158898cc970 JavaThread "http-nio-6868-exec-2"       daemon [_thread_blocked, id=18248, stack(0x00000051c3f00000,0x00000051c4000000) (1024K)]
  0x00000158898cd000 JavaThread "http-nio-6868-exec-3"       daemon [_thread_blocked, id=3916, stack(0x00000051c4000000,0x00000051c4100000) (1024K)]
  0x00000158898cdd20 JavaThread "http-nio-6868-exec-4"       daemon [_thread_blocked, id=23028, stack(0x00000051c4100000,0x00000051c4200000) (1024K)]
  0x00000158898cbc50 JavaThread "http-nio-6868-exec-5"       daemon [_thread_blocked, id=5152, stack(0x00000051c4200000,0x00000051c4300000) (1024K)]
  0x00000158898cc2e0 JavaThread "http-nio-6868-exec-6"       daemon [_thread_blocked, id=31228, stack(0x00000051c4300000,0x00000051c4400000) (1024K)]
  0x00000158898cd690 JavaThread "http-nio-6868-exec-7"       daemon [_thread_blocked, id=2548, stack(0x00000051c4400000,0x00000051c4500000) (1024K)]
  0x00000158898ce3b0 JavaThread "http-nio-6868-exec-8"       daemon [_thread_blocked, id=7440, stack(0x00000051c4500000,0x00000051c4600000) (1024K)]
  0x00000158898cea40 JavaThread "http-nio-6868-exec-9"       daemon [_thread_blocked, id=6208, stack(0x00000051c4600000,0x00000051c4700000) (1024K)]
  0x00000158898cf0d0 JavaThread "http-nio-6868-exec-10"      daemon [_thread_blocked, id=15352, stack(0x00000051c4700000,0x00000051c4800000) (1024K)]
  0x00000158898ca210 JavaThread "http-nio-6868-Poller"       daemon [_thread_in_native, id=24392, stack(0x00000051c4800000,0x00000051c4900000) (1024K)]
  0x00000158898cf760 JavaThread "http-nio-6868-Acceptor"     daemon [_thread_in_native, id=24464, stack(0x00000051c4900000,0x00000051c4a00000) (1024K)]
  0x00000158898cfdf0 JavaThread "DestroyJavaVM"                     [_thread_blocked, id=8140, stack(0x00000051c1800000,0x00000051c1900000) (1024K)]
  0x000001588a1fc8d0 JavaThread "C2 CompilerThread1"         daemon [_thread_blocked, id=28900, stack(0x00000051c1500000,0x00000051c1600000) (1024K)]
Total: 29

Other Threads:
=>0x000001583eb27da0 VMThread "VM Thread"                           [id=23392, stack(0x00000051c1f00000,0x00000051c2000000) (1024K)]
  0x000001583eb11160 WatcherThread "VM Periodic Task Thread"        [id=30360, stack(0x00000051c1e00000,0x00000051c1f00000) (1024K)]
  0x000001581fd390f0 WorkerThread "GC Thread#0"                     [id=9348, stack(0x00000051c1900000,0x00000051c1a00000) (1024K)]
  0x000001583fc87d50 WorkerThread "GC Thread#1"                     [id=5804, stack(0x00000051c2b00000,0x00000051c2c00000) (1024K)]
  0x000001583fc880f0 WorkerThread "GC Thread#2"                     [id=23920, stack(0x00000051c2c00000,0x00000051c2d00000) (1024K)]
  0x000001583fc88490 WorkerThread "GC Thread#3"                     [id=24128, stack(0x00000051c2d00000,0x00000051c2e00000) (1024K)]
  0x000001583fd36df0 WorkerThread "GC Thread#4"                     [id=31248, stack(0x00000051c2e00000,0x00000051c2f00000) (1024K)]
  0x000001583fd377a0 WorkerThread "GC Thread#5"                     [id=23892, stack(0x00000051c2f00000,0x00000051c3000000) (1024K)]
  0x00000158853ed7a0 WorkerThread "GC Thread#6"                     [id=30464, stack(0x00000051c3100000,0x00000051c3200000) (1024K)]
  0x0000015885589440 WorkerThread "GC Thread#7"                     [id=23476, stack(0x00000051c3200000,0x00000051c3300000) (1024K)]
  0x00000158855897e0 WorkerThread "GC Thread#8"                     [id=31716, stack(0x00000051c3300000,0x00000051c3400000) (1024K)]
  0x0000015885589b80 WorkerThread "GC Thread#9"                     [id=26104, stack(0x00000051c3400000,0x00000051c3500000) (1024K)]
  0x000001581fd49d10 ConcurrentGCThread "G1 Main Marker"            [id=22756, stack(0x00000051c1a00000,0x00000051c1b00000) (1024K)]
  0x000001581fd4a9c0 WorkerThread "G1 Conc#0"                       [id=30904, stack(0x00000051c1b00000,0x00000051c1c00000) (1024K)]
  0x00000158863e5810 WorkerThread "G1 Conc#1"                       [id=22772, stack(0x00000051c3500000,0x00000051c3600000) (1024K)]
  0x00000158863e4d30 WorkerThread "G1 Conc#2"                       [id=16316, stack(0x00000051c3600000,0x00000051c3700000) (1024K)]
  0x000001581fd7e4c0 ConcurrentGCThread "G1 Refine#0"               [id=31536, stack(0x00000051c1c00000,0x00000051c1d00000) (1024K)]
  0x000001583e9e4690 ConcurrentGCThread "G1 Service"                [id=25720, stack(0x00000051c1d00000,0x00000051c1e00000) (1024K)]
Total: 18

Threads with active compile tasks:
C2 CompilerThread0    60195 6886       4       org.springframework.core.ResolvableType::hasGenerics (14 bytes)
Total: 1

VM state: at safepoint (normal execution)

VM Mutex/Monitor currently owned by a thread:  ([mutex/lock_event])
[0x00007ffcee56a5f8] Threads_lock - owner thread: 0x000001583eb27da0
[0x00007ffcee56a6f8] Heap_lock - owner thread: 0x00000158898d0480

Heap address: 0x0000000704400000, size: 4028 MB, Compressed Oops mode: Zero based, Oop shift amount: 3

CDS archive(s) mapped at: [0x0000015840000000-0x0000015840c90000-0x0000015840c90000), size 13172736, SharedBaseAddress: 0x0000015840000000, ArchiveRelocationMode: 1.
Compressed class space mapped at: 0x0000015841000000-0x0000015881000000, reserved size: 1073741824
Narrow klass base: 0x0000015840000000, Narrow klass shift: 0, Narrow klass range: 0x100000000

GC Precious Log:
 CardTable entry size: 512
 Card Set container configuration: InlinePtr #cards 4 size 8 Array Of Cards #cards 16 size 48 Howl #buckets 8 coarsen threshold 3686 Howl Bitmap #cards 512 size 80 coarsen threshold 460 Card regions per heap region 1 cards per card region 4096
 CPUs: 12 total, 12 available
 Memory: 16105M
 Large Page Support: Disabled
 NUMA Support: Disabled
 Compressed Oops: Enabled (Zero based)
 Heap Region Size: 2M
 Heap Min Capacity: 8M
 Heap Initial Capacity: 252M
 Heap Max Capacity: 4028M
 Pre-touch: Disabled
 Parallel Workers: 10
 Concurrent Workers: 3
 Concurrent Refinement Workers: 10
 Periodic GC: Disabled

Heap:
 garbage-first heap   total 61440K, used 31507K [0x0000000704400000, 0x0000000800000000)
  region size 2048K, 1 young (2048K), 1 survivors (2048K)
 Metaspace       used 66096K, committed 66880K, reserved 1114112K
  class space    used 8870K, committed 9216K, reserved 1048576K

Heap Regions: E=young(eden), S=young(survivor), O=old, HS=humongous(starts), HC=humongous(continues), CS=collection set, F=free, TAMS=top-at-mark-start, PB=parsable bottom
|   0|0x0000000704400000, 0x0000000704600000, 0x0000000704600000|100%| O|  |TAMS 0x0000000704400000| PB 0x0000000704400000| Untracked 
|   1|0x0000000704600000, 0x0000000704800000, 0x0000000704800000|100%| O|  |TAMS 0x0000000704600000| PB 0x0000000704600000| Untracked 
|   2|0x0000000704800000, 0x0000000704a00000, 0x0000000704a00000|100%| O|  |TAMS 0x0000000704800000| PB 0x0000000704800000| Untracked 
|   3|0x0000000704a00000, 0x0000000704c00000, 0x0000000704c00000|100%| O|  |TAMS 0x0000000704a00000| PB 0x0000000704a00000| Untracked 
|   4|0x0000000704c00000, 0x0000000704e00000, 0x0000000704e00000|100%| O|  |TAMS 0x0000000704c00000| PB 0x0000000704c00000| Untracked 
|   5|0x0000000704e00000, 0x0000000705000000, 0x0000000705000000|100%| O|  |TAMS 0x0000000704e00000| PB 0x0000000704e00000| Untracked 
|   6|0x0000000705000000, 0x0000000705200000, 0x0000000705200000|100%| O|  |TAMS 0x0000000705000000| PB 0x0000000705000000| Untracked 
|   7|0x0000000705200000, 0x0000000705400000, 0x0000000705400000|100%| O|  |TAMS 0x0000000705200000| PB 0x0000000705200000| Untracked 
|   8|0x0000000705400000, 0x0000000705400000, 0x0000000705600000|  0%| F|  |TAMS 0x0000000705400000| PB 0x0000000705400000| Untracked 
|   9|0x0000000705600000, 0x0000000705800000, 0x0000000705800000|100%| O|  |TAMS 0x0000000705600000| PB 0x0000000705600000| Untracked 
|  10|0x0000000705800000, 0x0000000705a00000, 0x0000000705a00000|100%| O|  |TAMS 0x0000000705800000| PB 0x0000000705800000| Untracked 
|  11|0x0000000705a00000, 0x0000000705c00000, 0x0000000705c00000|100%| O|  |TAMS 0x0000000705a00000| PB 0x0000000705a00000| Untracked 
|  12|0x0000000705c00000, 0x0000000705e00000, 0x0000000705e00000|100%| O|  |TAMS 0x0000000705c00000| PB 0x0000000705c00000| Untracked 
|  13|0x0000000705e00000, 0x0000000706000000, 0x0000000706000000|100%| O|  |TAMS 0x0000000705e00000| PB 0x0000000705e00000| Untracked 
|  14|0x0000000706000000, 0x0000000706000000, 0x0000000706200000|  0%| F|  |TAMS 0x0000000706000000| PB 0x0000000706000000| Untracked 
|  15|0x0000000706200000, 0x0000000706400000, 0x0000000706400000|100%| O|  |TAMS 0x0000000706200000| PB 0x0000000706200000| Untracked 
|  16|0x0000000706400000, 0x0000000706400000, 0x0000000706600000|  0%| F|  |TAMS 0x0000000706400000| PB 0x0000000706400000| Untracked 
|  17|0x0000000706600000, 0x00000007066d58d8, 0x0000000706800000| 41%| O|  |TAMS 0x0000000706600000| PB 0x0000000706600000| Untracked 
|  18|0x0000000706800000, 0x0000000706800000, 0x0000000706a00000|  0%| F|  |TAMS 0x0000000706800000| PB 0x0000000706800000| Untracked 
|  19|0x0000000706a00000, 0x0000000706bef610, 0x0000000706c00000| 96%| S|CS|TAMS 0x0000000706a00000| PB 0x0000000706a00000| Complete 
|  20|0x0000000706c00000, 0x0000000706c00000, 0x0000000706e00000|  0%| F|  |TAMS 0x0000000706c00000| PB 0x0000000706c00000| Untracked 
|  21|0x0000000706e00000, 0x0000000706e00000, 0x0000000707000000|  0%| F|  |TAMS 0x0000000706e00000| PB 0x0000000706e00000| Untracked 
|  22|0x0000000707000000, 0x0000000707000000, 0x0000000707200000|  0%| F|  |TAMS 0x0000000707000000| PB 0x0000000707000000| Untracked 
|  23|0x0000000707200000, 0x0000000707200000, 0x0000000707400000|  0%| F|  |TAMS 0x0000000707200000| PB 0x0000000707200000| Untracked 
|  24|0x0000000707400000, 0x0000000707400000, 0x0000000707600000|  0%| F|  |TAMS 0x0000000707400000| PB 0x0000000707400000| Untracked 
|  95|0x0000000710200000, 0x0000000710200000, 0x0000000710400000|  0%| F|  |TAMS 0x0000000710200000| PB 0x0000000710200000| Untracked 
|  96|0x0000000710400000, 0x0000000710400000, 0x0000000710600000|  0%| F|  |TAMS 0x0000000710400000| PB 0x0000000710400000| Untracked 
|  97|0x0000000710600000, 0x0000000710600000, 0x0000000710800000|  0%| F|  |TAMS 0x0000000710600000| PB 0x0000000710600000| Untracked 
|  98|0x0000000710800000, 0x0000000710800000, 0x0000000710a00000|  0%| F|  |TAMS 0x0000000710800000| PB 0x0000000710800000| Untracked 
| 125|0x0000000713e00000, 0x0000000713e00000, 0x0000000714000000|  0%| F|  |TAMS 0x0000000713e00000| PB 0x0000000713e00000| Untracked 

Card table byte_map: [0x0000015837e40000,0x0000015838620000] _byte_map_base: 0x000001583461e000

Marking Bits: (CMBitMap*) 0x000001581fd397f0
 Bits: [0x0000015838620000, 0x000001583c510000)

Polling page: 0x000001581dc30000

Metaspace:

Usage:
  Non-class:     55.89 MB used.
      Class:      8.66 MB used.
       Both:     64.55 MB used.

Virtual space:
  Non-class space:       64.00 MB reserved,      56.31 MB ( 88%) committed,  1 nodes.
      Class space:        1.00 GB reserved,       9.00 MB ( <1%) committed,  1 nodes.
             Both:        1.06 GB reserved,      65.31 MB (  6%) committed. 

Chunk freelists:
   Non-Class:  7.67 MB
       Class:  6.92 MB
        Both:  14.60 MB

MaxMetaspaceSize: unlimited
CompressedClassSpaceSize: 1.00 GB
Initial GC threshold: 21.00 MB
Current GC threshold: 98.56 MB
CDS: on
 - commit_granule_bytes: 65536.
 - commit_granule_words: 8192.
 - virtual_space_node_default_size: 8388608.
 - enlarge_chunks_in_place: 1.
 - use_allocation_guard: 0.


Internal statistics:

num_allocs_failed_limit: 9.
num_arena_births: 1010.
num_arena_deaths: 0.
num_vsnodes_births: 2.
num_vsnodes_deaths: 0.
num_space_committed: 1045.
num_space_uncommitted: 0.
num_chunks_returned_to_freelist: 9.
num_chunks_taken_from_freelist: 3497.
num_chunk_merges: 9.
num_chunk_splits: 2486.
num_chunks_enlarged: 1879.
num_inconsistent_stats: 0.

CodeHeap 'non-profiled nmethods': size=120000Kb used=4232Kb max_used=4232Kb free=115767Kb
 bounds [0x000001582fbe0000, 0x0000015830010000, 0x0000015837110000]
CodeHeap 'profiled nmethods': size=120000Kb used=12025Kb max_used=12025Kb free=107974Kb
 bounds [0x0000015828110000, 0x0000015828cd0000, 0x000001582f640000]
CodeHeap 'non-nmethods': size=5760Kb used=1892Kb max_used=1941Kb free=3867Kb
 bounds [0x000001582f640000, 0x000001582f8b0000, 0x000001582fbe0000]
 total_blobs=6870 nmethods=6152 adapters=621
 compilation: enabled
              stopped_count=0, restarted_count=0
 full_count=0

Compilation events (20 events):
Event: 60.066 Thread 0x000001583f2c3c90 nmethod 6904 0x0000015828cce590 code [0x0000015828cce760, 0x0000015828ccec48]
Event: 60.067 Thread 0x000001583f2c3c90 6905       3       java.io.BufferedOutputStream::growIfNeeded (59 bytes)
Event: 60.067 Thread 0x000001583f2c3c90 nmethod 6905 0x0000015828cced90 code [0x0000015828ccef60, 0x0000015828ccf278]
Event: 60.077 Thread 0x000001588a1fc8d0 nmethod 6894 0x000001582fff9210 code [0x000001582fff94e0, 0x000001582fffa9c8]
Event: 60.078 Thread 0x000001588a1fc8d0 6899       4       java.util.ArrayList::indexOfRange (71 bytes)
Event: 60.082 Thread 0x000001588a1fc8d0 nmethod 6899 0x000001582fffb690 code [0x000001582fffb820, 0x000001582fffbaf8]
Event: 60.082 Thread 0x000001588a1fc8d0 6885       4       org.springframework.core.ResolvableType::isInstance (21 bytes)
Event: 60.087 Thread 0x000001588a1fc8d0 nmethod 6885 0x000001582fffbc10 code [0x000001582fffbe20, 0x000001582fffc2f8]
Event: 60.087 Thread 0x000001588a1fc8d0 6898       4       sun.reflect.annotation.AnnotationParser::parseMemberValue (230 bytes)
Event: 60.115 Thread 0x000001588a1fc8d0 nmethod 6898 0x000001582fffc710 code [0x000001582fffcb00, 0x000001582fffe2a8]
Event: 60.120 Thread 0x000001588a1fc8d0 6906       4       jdk.internal.loader.URLClassPath$JarLoader$2::getContentLength (9 bytes)
Event: 60.120 Thread 0x000001588a1fc8d0 nmethod 6906 0x000001582ffff590 code [0x000001582ffff720, 0x000001582ffff7c8]
Event: 60.131 Thread 0x000001588a1fc8d0 6907       4       java.lang.Thread::interrupted (7 bytes)
Event: 60.131 Thread 0x000001588a1fc8d0 nmethod 6907 0x000001582ffff890 code [0x000001582ffffa20, 0x000001582ffffab8]
Event: 60.136 Thread 0x000001583f2c3c90 6909       3       java.lang.invoke.LambdaForm::create (12 bytes)
Event: 60.136 Thread 0x000001588a1fc8d0 6910       4       java.lang.invoke.InvokerBytecodeGenerator::emitImplicitConversion (161 bytes)
Event: 60.136 Thread 0x000001583f2c3c90 nmethod 6909 0x0000015828ccf390 code [0x0000015828ccf540, 0x0000015828ccf668]
Event: 60.153 Thread 0x000001588a1fc8d0 nmethod 6910 0x000001582ffffe90 code [0x00000158300001a0, 0x0000015830001328]
Event: 60.157 Thread 0x000001588a1fc8d0 6911       4       sun.invoke.util.Wrapper::forBasicType (103 bytes)
Event: 60.158 Thread 0x000001588a1fc8d0 nmethod 6911 0x0000015830001f10 code [0x00000158300020c0, 0x0000015830002250]

GC Heap History (20 events):
Event: 0.652 GC heap after
{Heap after GC invocations=2 (full 0):
 garbage-first heap   total 258048K, used 9012K [0x0000000704400000, 0x0000000800000000)
  region size 2048K, 2 young (4096K), 2 survivors (4096K)
 Metaspace       used 12899K, committed 13184K, reserved 1114112K
  class space    used 1545K, committed 1664K, reserved 1048576K
}
Event: 1.244 GC heap before
{Heap before GC invocations=2 (full 0):
 garbage-first heap   total 258048K, used 58164K [0x0000000704400000, 0x0000000800000000)
  region size 2048K, 27 young (55296K), 2 survivors (4096K)
 Metaspace       used 21280K, committed 21504K, reserved 1114112K
  class space    used 2563K, committed 2688K, reserved 1048576K
}
Event: 1.249 GC heap after
{Heap after GC invocations=3 (full 0):
 garbage-first heap   total 258048K, used 13557K [0x0000000704400000, 0x0000000800000000)
  region size 2048K, 4 young (8192K), 4 survivors (8192K)
 Metaspace       used 21280K, committed 21504K, reserved 1114112K
  class space    used 2563K, committed 2688K, reserved 1048576K
}
Event: 1.725 GC heap before
{Heap before GC invocations=4 (full 0):
 garbage-first heap   total 61440K, used 42229K [0x0000000704400000, 0x0000000800000000)
  region size 2048K, 18 young (36864K), 4 survivors (8192K)
 Metaspace       used 25582K, committed 25984K, reserved 1114112K
  class space    used 3231K, committed 3392K, reserved 1048576K
}
Event: 1.730 GC heap after
{Heap after GC invocations=5 (full 0):
 garbage-first heap   total 61440K, used 16411K [0x0000000704400000, 0x0000000800000000)
  region size 2048K, 2 young (4096K), 2 survivors (4096K)
 Metaspace       used 25582K, committed 25984K, reserved 1114112K
  class space    used 3231K, committed 3392K, reserved 1048576K
}
Event: 2.323 GC heap before
{Heap before GC invocations=5 (full 0):
 garbage-first heap   total 61440K, used 43035K [0x0000000704400000, 0x0000000800000000)
  region size 2048K, 15 young (30720K), 2 survivors (4096K)
 Metaspace       used 30863K, committed 31360K, reserved 1114112K
  class space    used 3882K, committed 4096K, reserved 1048576K
}
Event: 2.327 GC heap after
{Heap after GC invocations=6 (full 0):
 garbage-first heap   total 61440K, used 18207K [0x0000000704400000, 0x0000000800000000)
  region size 2048K, 1 young (2048K), 1 survivors (2048K)
 Metaspace       used 30863K, committed 31360K, reserved 1114112K
  class space    used 3882K, committed 4096K, reserved 1048576K
}
Event: 2.660 GC heap before
{Heap before GC invocations=6 (full 0):
 garbage-first heap   total 61440K, used 34591K [0x0000000704400000, 0x0000000800000000)
  region size 2048K, 10 young (20480K), 1 survivors (2048K)
 Metaspace       used 35645K, committed 36160K, reserved 1114112K
  class space    used 4685K, committed 4928K, reserved 1048576K
}
Event: 2.662 GC heap after
{Heap after GC invocations=7 (full 0):
 garbage-first heap   total 61440K, used 18963K [0x0000000704400000, 0x0000000800000000)
  region size 2048K, 2 young (4096K), 2 survivors (4096K)
 Metaspace       used 35645K, committed 36160K, reserved 1114112K
  class space    used 4685K, committed 4928K, reserved 1048576K
}
Event: 3.249 GC heap before
{Heap before GC invocations=8 (full 0):
 garbage-first heap   total 61440K, used 49683K [0x0000000704400000, 0x0000000800000000)
  region size 2048K, 17 young (34816K), 2 survivors (4096K)
 Metaspace       used 44405K, committed 44992K, reserved 1114112K
  class space    used 5765K, committed 6016K, reserved 1048576K
}
Event: 3.252 GC heap after
{Heap after GC invocations=9 (full 0):
 garbage-first heap   total 61440K, used 22285K [0x0000000704400000, 0x0000000800000000)
  region size 2048K, 3 young (6144K), 3 survivors (6144K)
 Metaspace       used 44405K, committed 44992K, reserved 1114112K
  class space    used 5765K, committed 6016K, reserved 1048576K
}
Event: 3.619 GC heap before
{Heap before GC invocations=9 (full 0):
 garbage-first heap   total 61440K, used 50957K [0x0000000704400000, 0x0000000800000000)
  region size 2048K, 17 young (34816K), 3 survivors (6144K)
 Metaspace       used 51503K, committed 52096K, reserved 1114112K
  class space    used 6867K, committed 7104K, reserved 1048576K
}
Event: 3.621 GC heap after
{Heap after GC invocations=10 (full 0):
 garbage-first heap   total 61440K, used 23641K [0x0000000704400000, 0x0000000800000000)
  region size 2048K, 3 young (6144K), 3 survivors (6144K)
 Metaspace       used 51503K, committed 52096K, reserved 1114112K
  class space    used 6867K, committed 7104K, reserved 1048576K
}
Event: 4.055 GC heap before
{Heap before GC invocations=10 (full 0):
 garbage-first heap   total 61440K, used 48217K [0x0000000704400000, 0x0000000800000000)
  region size 2048K, 15 young (30720K), 3 survivors (6144K)
 Metaspace       used 56220K, committed 56896K, reserved 1114112K
  class space    used 7494K, committed 7808K, reserved 1048576K
}
Event: 4.059 GC heap after
{Heap after GC invocations=11 (full 0):
 garbage-first heap   total 61440K, used 25121K [0x0000000704400000, 0x0000000800000000)
  region size 2048K, 2 young (4096K), 2 survivors (4096K)
 Metaspace       used 56220K, committed 56896K, reserved 1114112K
  class space    used 7494K, committed 7808K, reserved 1048576K
}
Event: 4.361 GC heap before
{Heap before GC invocations=11 (full 0):
 garbage-first heap   total 61440K, used 45601K [0x0000000704400000, 0x0000000800000000)
  region size 2048K, 13 young (26624K), 2 survivors (4096K)
 Metaspace       used 59858K, committed 60480K, reserved 1114112K
  class space    used 7971K, committed 8256K, reserved 1048576K
}
Event: 4.364 GC heap after
{Heap after GC invocations=12 (full 0):
 garbage-first heap   total 61440K, used 27320K [0x0000000704400000, 0x0000000800000000)
  region size 2048K, 2 young (4096K), 2 survivors (4096K)
 Metaspace       used 59858K, committed 60480K, reserved 1114112K
  class space    used 7971K, committed 8256K, reserved 1048576K
}
Event: 4.714 GC heap before
{Heap before GC invocations=13 (full 0):
 garbage-first heap   total 61440K, used 51896K [0x0000000704400000, 0x0000000800000000)
  region size 2048K, 14 young (28672K), 2 survivors (4096K)
 Metaspace       used 61726K, committed 62464K, reserved 1114112K
  class space    used 8270K, committed 8576K, reserved 1048576K
}
Event: 4.718 GC heap after
{Heap after GC invocations=14 (full 0):
 garbage-first heap   total 61440K, used 30487K [0x0000000704400000, 0x0000000800000000)
  region size 2048K, 2 young (4096K), 2 survivors (4096K)
 Metaspace       used 61726K, committed 62464K, reserved 1114112K
  class space    used 8270K, committed 8576K, reserved 1048576K
}
Event: 60.164 GC heap before
{Heap before GC invocations=14 (full 0):
 garbage-first heap   total 61440K, used 48919K [0x0000000704400000, 0x0000000800000000)
  region size 2048K, 12 young (24576K), 2 survivors (4096K)
 Metaspace       used 66096K, committed 66880K, reserved 1114112K
  class space    used 8870K, committed 9216K, reserved 1048576K
}

Dll operation events (11 events):
Event: 0.005 Loaded shared library C:\Program Files\Java\jdk-21\bin\java.dll
Event: 0.029 Loaded shared library C:\Program Files\Java\jdk-21\bin\jsvml.dll
Event: 0.064 Loaded shared library C:\Program Files\Java\jdk-21\bin\net.dll
Event: 0.065 Loaded shared library C:\Program Files\Java\jdk-21\bin\nio.dll
Event: 0.067 Loaded shared library C:\Program Files\Java\jdk-21\bin\zip.dll
Event: 0.129 Loaded shared library C:\Program Files\Java\jdk-21\bin\jimage.dll
Event: 0.761 Loaded shared library C:\Program Files\Java\jdk-21\bin\sunmscapi.dll
Event: 1.886 Loaded shared library C:\Program Files\Java\jdk-21\bin\management.dll
Event: 1.896 Loaded shared library C:\Program Files\Java\jdk-21\bin\management_ext.dll
Event: 2.477 Loaded shared library C:\Program Files\Java\jdk-21\bin\verify.dll
Event: 2.835 Loaded shared library C:\Program Files\Java\jdk-21\bin\extnet.dll

Deoptimization events (20 events):
Event: 4.913 Thread 0x000001581da79da0 Uncommon trap: trap_request=0xffffffde fr.pc=0x000001582fdcd6ec relative=0x000000000000030c
Event: 4.913 Thread 0x000001581da79da0 Uncommon trap: reason=class_check action=maybe_recompile pc=0x000001582fdcd6ec method=org.springframework.core.ResolvableType.resolveType()Lorg/springframework/core/ResolvableType; @ 44 c2
Event: 4.913 Thread 0x000001581da79da0 DEOPT PACKING pc=0x000001582fdcd6ec sp=0x00000051c18fea20
Event: 4.913 Thread 0x000001581da79da0 DEOPT UNPACKING pc=0x000001582f697da2 sp=0x00000051c18fe9b8 mode 2
Event: 8.916 Thread 0x0000015887205c40 Uncommon trap: trap_request=0xffffff45 fr.pc=0x000001582fc4a2a4 relative=0x0000000000000264
Event: 8.916 Thread 0x0000015887205c40 Uncommon trap: reason=unstable_if action=reinterpret pc=0x000001582fc4a2a4 method=java.util.concurrent.locks.ReentrantLock$Sync.lock()V @ 4 c2
Event: 8.916 Thread 0x0000015887205c40 DEOPT PACKING pc=0x000001582fc4a2a4 sp=0x00000051c37feef0
Event: 8.916 Thread 0x0000015887205c40 DEOPT UNPACKING pc=0x000001582f697da2 sp=0x00000051c37fee50 mode 2
Event: 60.051 Thread 0x00000158898d0480 Uncommon trap: trap_request=0xffffff45 fr.pc=0x000001582fce4b38 relative=0x00000000000001d8
Event: 60.051 Thread 0x00000158898d0480 Uncommon trap: reason=unstable_if action=reinterpret pc=0x000001582fce4b38 method=java.util.HashMap.getNode(Ljava/lang/Object;)Ljava/util/HashMap$Node; @ 66 c2
Event: 60.051 Thread 0x00000158898d0480 DEOPT PACKING pc=0x000001582fce4b38 sp=0x00000051c3efcd60
Event: 60.051 Thread 0x00000158898d0480 DEOPT UNPACKING pc=0x000001582f697da2 sp=0x00000051c3efccd0 mode 2
Event: 60.054 Thread 0x00000158898d0480 Uncommon trap: trap_request=0xffffffde fr.pc=0x000001582fdad868 relative=0x00000000000006e8
Event: 60.054 Thread 0x00000158898d0480 Uncommon trap: reason=class_check action=maybe_recompile pc=0x000001582fdad868 method=org.springframework.core.annotation.AnnotatedElementUtils.getAnnotationAttributes(Lorg/springframework/core/annotation/MergedAnnotation;ZZ)Lorg/springframework/core/anno
Event: 60.054 Thread 0x00000158898d0480 DEOPT PACKING pc=0x000001582fdad868 sp=0x00000051c3efc8e0
Event: 60.054 Thread 0x00000158898d0480 DEOPT UNPACKING pc=0x000001582f697da2 sp=0x00000051c3efc7c8 mode 2
Event: 60.087 Thread 0x00000158898d0480 Uncommon trap: trap_request=0xffffff45 fr.pc=0x000001582feaaadc relative=0x00000000000035fc
Event: 60.087 Thread 0x00000158898d0480 Uncommon trap: reason=unstable_if action=reinterpret pc=0x000001582feaaadc method=java.util.zip.InflaterInputStream.read([BII)I @ 74 c2
Event: 60.087 Thread 0x00000158898d0480 DEOPT PACKING pc=0x000001582feaaadc sp=0x00000051c3ef91c0
Event: 60.087 Thread 0x00000158898d0480 DEOPT UNPACKING pc=0x000001582f697da2 sp=0x00000051c3ef9170 mode 2

Classes loaded (20 events):
Event: 59.938 Loading class sun/nio/ch/SocketChannelImpl$DefaultOptionsHolder
Event: 59.938 Loading class sun/nio/ch/SocketChannelImpl$DefaultOptionsHolder done
Event: 59.939 Loading class sun/nio/ch/SelectionKeyImpl
Event: 59.939 Loading class java/nio/channels/spi/AbstractSelectionKey
Event: 59.939 Loading class java/nio/channels/SelectionKey
Event: 59.939 Loading class java/nio/channels/SelectionKey done
Event: 59.939 Loading class java/nio/channels/spi/AbstractSelectionKey done
Event: 59.939 Loading class sun/nio/ch/SelectionKeyImpl done
Event: 59.940 Loading class java/lang/invoke/ConstantBootstraps
Event: 59.940 Loading class java/lang/invoke/ConstantBootstraps done
Event: 59.985 Loading class sun/nio/cs/ThreadLocalCoders
Event: 59.985 Loading class sun/nio/cs/ThreadLocalCoders done
Event: 59.985 Loading class sun/nio/cs/ThreadLocalCoders$1
Event: 59.985 Loading class sun/nio/cs/ThreadLocalCoders$Cache
Event: 59.985 Loading class sun/nio/cs/ThreadLocalCoders$Cache done
Event: 59.985 Loading class sun/nio/cs/ThreadLocalCoders$1 done
Event: 59.985 Loading class sun/nio/cs/ThreadLocalCoders$2
Event: 59.985 Loading class sun/nio/cs/ThreadLocalCoders$2 done
Event: 60.161 Loading class java/util/AbstractMap$SimpleEntry
Event: 60.161 Loading class java/util/AbstractMap$SimpleEntry done

Classes unloaded (0 events):
No events

Classes redefined (0 events):
No events

Internal exceptions (20 events):
Event: 4.008 Thread 0x000001581da79da0 Exception <a 'java/lang/NoSuchMethodError'{0x0000000706a102a8}: 'void java.lang.invoke.Invokers$Holder.invokeExact_MT(java.lang.Object, java.lang.Object, java.lang.Object, java.lang.Object)'> (0x0000000706a102a8) 
thrown [s\open\src\hotspot\share\interpreter\linkResolver.cpp, line 773]
Event: 4.022 Thread 0x000001581da79da0 Implicit null exception at 0x000001582fe90df7 to 0x000001582fe91068
Event: 4.030 Thread 0x000001581da79da0 Implicit null exception at 0x000001582fed6cf2 to 0x000001582fed7034
Event: 4.048 Thread 0x000001581da79da0 Exception <a 'java/lang/IncompatibleClassChangeError'{0x0000000706971d60}: Found class java.lang.Object, but interface was expected> (0x0000000706971d60) 
thrown [s\open\src\hotspot\share\interpreter\linkResolver.cpp, line 840]
Event: 4.051 Thread 0x000001581da79da0 Implicit null exception at 0x000001582ff450c4 to 0x000001582ff46ab0
Event: 4.060 Thread 0x000001581da79da0 Exception <a 'java/lang/IncompatibleClassChangeError'{0x0000000713e0a5a8}: Found class java.lang.Object, but interface was expected> (0x0000000713e0a5a8) 
thrown [s\open\src\hotspot\share\interpreter\linkResolver.cpp, line 840]
Event: 4.085 Thread 0x000001581da79da0 Exception <a 'java/lang/IncompatibleClassChangeError'{0x0000000713f65040}: Found class java.lang.Object, but interface was expected> (0x0000000713f65040) 
thrown [s\open\src\hotspot\share\interpreter\linkResolver.cpp, line 840]
Event: 4.189 Thread 0x000001581da79da0 Exception <a 'java/lang/IncompatibleClassChangeError'{0x0000000710568250}: Found class java.lang.Object, but interface was expected> (0x0000000710568250) 
thrown [s\open\src\hotspot\share\interpreter\linkResolver.cpp, line 840]
Event: 4.303 Thread 0x000001581da79da0 Exception <a 'java/lang/IncompatibleClassChangeError'{0x00000007071cb6e8}: Found class java.lang.Object, but interface was expected> (0x00000007071cb6e8) 
thrown [s\open\src\hotspot\share\interpreter\linkResolver.cpp, line 840]
Event: 4.468 Thread 0x000001581da79da0 Exception <a 'java/lang/NoSuchMethodError'{0x000000071029a510}: 'java.lang.Object java.lang.invoke.DirectMethodHandle$Holder.newInvokeSpecial(java.lang.Object, java.lang.Object, java.lang.Object, java.lang.Object, java.lang.Object, java.lang.Object, java.lang.Object, java.lang.Object)'> (0x000000071029a510) 
thrown [s\open\src\hotspot\share\interpreter\linkResolver.cpp, line 773]
Event: 4.652 Thread 0x000001581da79da0 Exception <a 'java/lang/IncompatibleClassChangeError'{0x0000000706ad1670}: Found class java.lang.Object, but interface was expected> (0x0000000706ad1670) 
thrown [s\open\src\hotspot\share\interpreter\linkResolver.cpp, line 840]
Event: 4.688 Thread 0x000001581da79da0 Exception <a 'java/lang/NoSuchMethodError'{0x0000000706671860}: 'void java.lang.invoke.DirectMethodHandle$Holder.invokeVirtual(java.lang.Object, java.lang.Object, long)'> (0x0000000706671860) 
thrown [s\open\src\hotspot\share\interpreter\linkResolver.cpp, line 773]
Event: 4.752 Thread 0x000001581da79da0 Exception <a 'java/lang/NoSuchMethodError'{0x0000000713fbc8b8}: 'int java.lang.invoke.DirectMethodHandle$Holder.invokeStaticInit(java.lang.Object, java.lang.Object, java.lang.Object, java.lang.Object)'> (0x0000000713fbc8b8) 
thrown [s\open\src\hotspot\share\interpreter\linkResolver.cpp, line 773]
Event: 4.828 Thread 0x000001581da79da0 Exception <a 'java/lang/IncompatibleClassChangeError'{0x000000071064e028}: Found class java.lang.Object, but interface was expected> (0x000000071064e028) 
thrown [s\open\src\hotspot\share\interpreter\linkResolver.cpp, line 840]
Event: 4.835 Thread 0x000001581da79da0 Implicit null exception at 0x000001582fd40e08 to 0x000001582fd41074
Event: 4.886 Thread 0x000001581da79da0 Exception <a 'java/lang/NoSuchMethodError'{0x00000007102e93f0}: 'java.lang.Object java.lang.invoke.DirectMethodHandle$Holder.newInvokeSpecial(java.lang.Object, java.lang.Object, int, java.lang.Object, java.lang.Object)'> (0x00000007102e93f0) 
thrown [s\open\src\hotspot\share\interpreter\linkResolver.cpp, line 773]
Event: 59.982 Thread 0x00000158898d0480 Exception <a 'java/lang/NoSuchMethodError'{0x0000000707293a38}: 'java.lang.Object java.lang.invoke.DirectMethodHandle$Holder.invokeSpecial(java.lang.Object, java.lang.Object, java.lang.Object, java.lang.Object, java.lang.Object, long)'> (0x0000000707293a38) 
thrown [s\open\src\hotspot\share\interpreter\linkResolver.cpp, line 773]
Event: 59.982 Thread 0x00000158898d0480 Exception <a 'java/lang/NoSuchMethodError'{0x00000007072971f8}: 'java.lang.Object java.lang.invoke.Invokers$Holder.linkToTargetMethod(java.lang.Object, java.lang.Object, java.lang.Object, long, java.lang.Object)'> (0x00000007072971f8) 
thrown [s\open\src\hotspot\share\interpreter\linkResolver.cpp, line 773]
Event: 60.136 Thread 0x00000158898d0480 Exception <a 'java/lang/NoSuchMethodError'{0x0000000706c23e18}: 'java.lang.Object java.lang.invoke.DirectMethodHandle$Holder.invokeInterface(java.lang.Object, java.lang.Object, java.lang.Object, java.lang.Object)'> (0x0000000706c23e18) 
thrown [s\open\src\hotspot\share\interpreter\linkResolver.cpp, line 773]
Event: 60.146 Thread 0x00000158898d0480 Exception <a 'java/lang/IncompatibleClassChangeError'{0x0000000706c9d7a0}: Found class java.lang.Object, but interface was expected> (0x0000000706c9d7a0) 
thrown [s\open\src\hotspot\share\interpreter\linkResolver.cpp, line 840]

ZGC Phase Switch (0 events):
No events

VM Operations (20 events):
Event: 4.559 Executing VM operation: HandshakeAllThreads (Deoptimize) done
Event: 4.708 Executing VM operation: HandshakeAllThreads (Deoptimize)
Event: 4.708 Executing VM operation: HandshakeAllThreads (Deoptimize) done
Event: 4.713 Executing VM operation: G1CollectForAllocation (G1 Evacuation Pause)
Event: 4.718 Executing VM operation: G1CollectForAllocation (G1 Evacuation Pause) done
Event: 5.723 Executing VM operation: Cleanup
Event: 5.723 Executing VM operation: Cleanup done
Event: 12.780 Executing VM operation: Cleanup
Event: 12.780 Executing VM operation: Cleanup done
Event: 59.993 Executing VM operation: HandshakeAllThreads (Deoptimize)
Event: 59.993 Executing VM operation: HandshakeAllThreads (Deoptimize) done
Event: 59.993 Executing VM operation: Cleanup
Event: 59.993 Executing VM operation: Cleanup done
Event: 60.046 Executing VM operation: HandshakeAllThreads (Deoptimize)
Event: 60.046 Executing VM operation: HandshakeAllThreads (Deoptimize) done
Event: 60.142 Executing VM operation: HandshakeAllThreads (Deoptimize)
Event: 60.142 Executing VM operation: HandshakeAllThreads (Deoptimize) done
Event: 60.163 Executing VM operation: HandshakeAllThreads (Deoptimize)
Event: 60.163 Executing VM operation: HandshakeAllThreads (Deoptimize) done
Event: 60.164 Executing VM operation: G1CollectForAllocation (G1 Evacuation Pause)

Events (20 events):
Event: 4.377 Thread 0x000001583eb27da0 flushing nmethod 0x000001582fc3b490
Event: 4.377 Thread 0x000001583eb27da0 flushing nmethod 0x000001582fbe0610
Event: 4.892 Thread 0x00000158898d0480 Thread added: 0x00000158898d0480
Event: 4.892 Thread 0x00000158898cc970 Thread added: 0x00000158898cc970
Event: 4.893 Thread 0x00000158898cd000 Thread added: 0x00000158898cd000
Event: 4.893 Thread 0x00000158898cdd20 Thread added: 0x00000158898cdd20
Event: 4.893 Thread 0x00000158898cbc50 Thread added: 0x00000158898cbc50
Event: 4.893 Thread 0x00000158898cc2e0 Thread added: 0x00000158898cc2e0
Event: 4.893 Thread 0x00000158898cd690 Thread added: 0x00000158898cd690
Event: 4.893 Thread 0x00000158898ce3b0 Thread added: 0x00000158898ce3b0
Event: 4.893 Thread 0x00000158898cea40 Thread added: 0x00000158898cea40
Event: 4.893 Thread 0x00000158898cf0d0 Thread added: 0x00000158898cf0d0
Event: 4.901 Thread 0x00000158898ca210 Thread added: 0x00000158898ca210
Event: 4.902 Thread 0x00000158898cf760 Thread added: 0x00000158898cf760
Event: 4.916 Thread 0x000001581da79da0 Thread exited: 0x000001581da79da0
Event: 4.916 Thread 0x00000158898cfdf0 Thread added: 0x00000158898cfdf0
Event: 8.444 Thread 0x00000158856d4340 Thread exited: 0x00000158856d4340
Event: 10.041 Thread 0x0000015887a6e2b0 Thread exited: 0x0000015887a6e2b0
Event: 10.169 Thread 0x000001583f49fb50 Thread exited: 0x000001583f49fb50
Event: 60.044 Thread 0x000001588a1fc8d0 Thread added: 0x000001588a1fc8d0


Dynamic libraries:
0x00007ff78a270000 - 0x00007ff78a280000 	C:\Program Files\Java\jdk-21\bin\java.exe
0x00007ffd6ba70000 - 0x00007ffd6bc87000 	C:\Windows\SYSTEM32\ntdll.dll
0x00007ffd6b0b0000 - 0x00007ffd6b174000 	C:\Windows\System32\KERNEL32.DLL
0x00007ffd69000000 - 0x00007ffd693ad000 	C:\Windows\System32\KERNELBASE.dll
0x00007ffd68d90000 - 0x00007ffd68ea1000 	C:\Windows\System32\ucrtbase.dll
0x00007ffd1ebf0000 - 0x00007ffd1ec0b000 	C:\Program Files\Java\jdk-21\bin\VCRUNTIME140.dll
0x00007ffd1f780000 - 0x00007ffd1f799000 	C:\Program Files\Java\jdk-21\bin\jli.dll
0x00007ffd6a9c0000 - 0x00007ffd6aa72000 	C:\Windows\System32\ADVAPI32.dll
0x00007ffd6b980000 - 0x00007ffd6ba27000 	C:\Windows\System32\msvcrt.dll
0x00007ffd6b730000 - 0x00007ffd6b7d9000 	C:\Windows\System32\sechost.dll
0x00007ffd693b0000 - 0x00007ffd693d8000 	C:\Windows\System32\bcrypt.dll
0x00007ffd6b4d0000 - 0x00007ffd6b5e4000 	C:\Windows\System32\RPCRT4.dll
0x00007ffd6b180000 - 0x00007ffd6b32e000 	C:\Windows\System32\USER32.dll
0x00007ffd68fd0000 - 0x00007ffd68ff6000 	C:\Windows\System32\win32u.dll
0x00007ffd4eac0000 - 0x00007ffd4ed53000 	C:\Windows\WinSxS\amd64_microsoft.windows.common-controls_6595b64144ccf1df_6.0.22621.3672_none_2713b9d173822955\COMCTL32.dll
0x00007ffd69c40000 - 0x00007ffd69c69000 	C:\Windows\System32\GDI32.dll
0x00007ffd68eb0000 - 0x00007ffd68fc9000 	C:\Windows\System32\gdi32full.dll
0x00007ffd69700000 - 0x00007ffd6979a000 	C:\Windows\System32\msvcp_win.dll
0x00007ffd5ee30000 - 0x00007ffd5ee3a000 	C:\Windows\SYSTEM32\VERSION.dll
0x00007ffd69bf0000 - 0x00007ffd69c21000 	C:\Windows\System32\IMM32.DLL
0x00007ffd394f0000 - 0x00007ffd394fc000 	C:\Program Files\Java\jdk-21\bin\vcruntime140_1.dll
0x00007ffcf4650000 - 0x00007ffcf46de000 	C:\Program Files\Java\jdk-21\bin\msvcp140.dll
0x00007ffced930000 - 0x00007ffcee645000 	C:\Program Files\Java\jdk-21\bin\server\jvm.dll
0x00007ffd6b7e0000 - 0x00007ffd6b851000 	C:\Windows\System32\WS2_32.dll
0x00007ffd67c40000 - 0x00007ffd67c8d000 	C:\Windows\SYSTEM32\POWRPROF.dll
0x00007ffd61150000 - 0x00007ffd61184000 	C:\Windows\SYSTEM32\WINMM.dll
0x00007ffd67c20000 - 0x00007ffd67c33000 	C:\Windows\SYSTEM32\UMPDC.dll
0x00007ffd67ed0000 - 0x00007ffd67ee8000 	C:\Windows\SYSTEM32\kernel.appcore.dll
0x00007ffd394a0000 - 0x00007ffd394aa000 	C:\Program Files\Java\jdk-21\bin\jimage.dll
0x00007ffd661b0000 - 0x00007ffd663e2000 	C:\Windows\SYSTEM32\DBGHELP.DLL
0x00007ffd6ad20000 - 0x00007ffd6b0ae000 	C:\Windows\System32\combase.dll
0x00007ffd6aa80000 - 0x00007ffd6ab57000 	C:\Windows\System32\OLEAUT32.dll
0x00007ffd5d360000 - 0x00007ffd5d392000 	C:\Windows\SYSTEM32\dbgcore.DLL
0x00007ffd69450000 - 0x00007ffd694cb000 	C:\Windows\System32\bcryptPrimitives.dll
0x00007ffd1ebd0000 - 0x00007ffd1ebef000 	C:\Program Files\Java\jdk-21\bin\java.dll
0x00007ffd69c70000 - 0x00007ffd6a4d7000 	C:\Windows\System32\SHELL32.dll
0x00007ffd66d20000 - 0x00007ffd6761f000 	C:\Windows\SYSTEM32\windows.storage.dll
0x00007ffd66be0000 - 0x00007ffd66d1f000 	C:\Windows\SYSTEM32\wintypes.dll
0x00007ffd6b860000 - 0x00007ffd6b959000 	C:\Windows\System32\SHCORE.dll
0x00007ffd697a0000 - 0x00007ffd697fe000 	C:\Windows\System32\shlwapi.dll
0x00007ffd68cc0000 - 0x00007ffd68ce7000 	C:\Windows\SYSTEM32\profapi.dll
0x00007ffcf4570000 - 0x00007ffcf4647000 	C:\Program Files\Java\jdk-21\bin\jsvml.dll
0x00007ffd39300000 - 0x00007ffd39310000 	C:\Program Files\Java\jdk-21\bin\net.dll
0x00007ffd62e90000 - 0x00007ffd62fc6000 	C:\Windows\SYSTEM32\WINHTTP.dll
0x00007ffd68340000 - 0x00007ffd683a9000 	C:\Windows\system32\mswsock.dll
0x00007ffd1d1f0000 - 0x00007ffd1d206000 	C:\Program Files\Java\jdk-21\bin\nio.dll
0x00007ffd1ad90000 - 0x00007ffd1ada8000 	C:\Program Files\Java\jdk-21\bin\zip.dll
0x00007ffd39270000 - 0x00007ffd3927e000 	C:\Program Files\Java\jdk-21\bin\sunmscapi.dll
0x00007ffd694d0000 - 0x00007ffd69636000 	C:\Windows\System32\CRYPT32.dll
0x00007ffd68730000 - 0x00007ffd6875e000 	C:\Windows\SYSTEM32\ncrypt.dll
0x00007ffd686f0000 - 0x00007ffd68727000 	C:\Windows\SYSTEM32\NTASN1.dll
0x00007ffd685a0000 - 0x00007ffd685bb000 	C:\Windows\SYSTEM32\CRYPTSP.dll
0x00007ffd67e30000 - 0x00007ffd67e65000 	C:\Windows\system32\rsaenh.dll
0x00007ffd68430000 - 0x00007ffd68458000 	C:\Windows\SYSTEM32\USERENV.dll
0x00007ffd68590000 - 0x00007ffd6859c000 	C:\Windows\SYSTEM32\CRYPTBASE.dll
0x00007ffd678f0000 - 0x00007ffd6791d000 	C:\Windows\SYSTEM32\IPHLPAPI.DLL
0x00007ffd6b460000 - 0x00007ffd6b469000 	C:\Windows\System32\NSI.dll
0x00007ffd391c0000 - 0x00007ffd391ca000 	C:\Program Files\Java\jdk-21\bin\management.dll
0x00007ffd38bf0000 - 0x00007ffd38bfb000 	C:\Program Files\Java\jdk-21\bin\management_ext.dll
0x00007ffd6b470000 - 0x00007ffd6b478000 	C:\Windows\System32\PSAPI.DLL
0x00007ffd389d0000 - 0x00007ffd389e0000 	C:\Program Files\Java\jdk-21\bin\verify.dll
0x00007ffd67920000 - 0x00007ffd67a18000 	C:\Windows\SYSTEM32\DNSAPI.dll
0x00007ffd61c30000 - 0x00007ffd61c3a000 	C:\Windows\System32\rasadhlp.dll
0x00007ffd61c40000 - 0x00007ffd61cc3000 	C:\Windows\System32\fwpuclnt.dll
0x00007ffd37b10000 - 0x00007ffd37b17000 	C:\Program Files\Java\jdk-21\bin\extnet.dll
0x00007ffd5bb90000 - 0x00007ffd5bb98000 	C:\Windows\system32\wshunix.dll

dbghelp: loaded successfully - version: 4.0.5 - missing functions: none
symbol engine: initialized successfully - sym options: 0x614 - pdb path: .;C:\Program Files\Java\jdk-21\bin;C:\Windows\SYSTEM32;C:\Windows\WinSxS\amd64_microsoft.windows.common-controls_6595b64144ccf1df_6.0.22621.3672_none_2713b9d173822955;C:\Program Files\Java\jdk-21\bin\server

VM Arguments:
jvm_args: -XX:+ShowCodeDetailsInExceptionMessages 
java_command: spring.jsb_organic.JsbOrganicApplication
java_class_path (initial): C:\Users\ASUS\OneDrive\Documents\Hoc hanh\Đồ Án\jsb_organic\target\classes;C:\Users\ASUS\.m2\repository\org\apache\commons\commons-text\1.10.0\commons-text-1.10.0.jar;C:\Users\ASUS\.m2\repository\org\apache\commons\commons-lang3\3.14.0\commons-lang3-3.14.0.jar;C:\Users\ASUS\.m2\repository\org\mindrot\jbcrypt\0.4\jbcrypt-0.4.jar;C:\Users\ASUS\.m2\repository\org\springframework\boot\spring-boot-starter-data-jpa\3.3.2\spring-boot-starter-data-jpa-3.3.2.jar;C:\Users\ASUS\.m2\repository\org\springframework\boot\spring-boot-starter-aop\3.3.2\spring-boot-starter-aop-3.3.2.jar;C:\Users\ASUS\.m2\repository\org\springframework\spring-aop\6.1.11\spring-aop-6.1.11.jar;C:\Users\ASUS\.m2\repository\org\aspectj\aspectjweaver\1.9.22.1\aspectjweaver-1.9.22.1.jar;C:\Users\ASUS\.m2\repository\org\springframework\boot\spring-boot-starter-jdbc\3.3.2\spring-boot-starter-jdbc-3.3.2.jar;C:\Users\ASUS\.m2\repository\com\zaxxer\HikariCP\5.1.0\HikariCP-5.1.0.jar;C:\Users\ASUS\.m2\repository\org\springframework\spring-jdbc\6.1.11\spring-jdbc-6.1.11.jar;C:\Users\ASUS\.m2\repository\org\hibernate\orm\hibernate-core\6.5.2.Final\hibernate-core-6.5.2.Final.jar;C:\Users\ASUS\.m2\repository\jakarta\persistence\jakarta.persistence-api\3.1.0\jakarta.persistence-api-3.1.0.jar;C:\Users\ASUS\.m2\repository\jakarta\transaction\jakarta.transaction-api\2.0.1\jakarta.transaction-api-2.0.1.jar;C:\Users\ASUS\.m2\repository\org\jboss\logging\jboss-logging\3.5.3.Final\jboss-logging-3.5.3.Final.jar;C:\Users\ASUS\.m2\repository\org\hibernate\common\hibernate-commons-annotations\6.0.6.Final\hibernate-commons-annotations-6.0.6.Final.jar;C:\Users\ASUS\.m2\repository\io\smallrye\jandex\3.1.2\jandex-3.1.2.jar;C:\Users\ASUS\.m2\repository\com\fasterxml\classmate\1.7.0\classmate-1.7.0.jar;C:\Users\ASUS\.m2\repository\net\bytebuddy\byte-buddy\1.14.18\byte-buddy-1.14.18.jar;C:\Users\ASUS\.m2\repository\org\glassfish\jaxb\jaxb-runtime\4.0.5\jaxb-runtime-4.0.5.jar;C:\Users\ASUS\.m2\repository\org\glassfish\jaxb\jaxb-core\4.0.5\jaxb-core-4.0.5.jar;C:\Users\ASUS\.m2\repository\org\eclipse\angus\angus-activation\2.0.2\angus-activation-2.0.2.jar;C:\Users\ASUS\.m2\repository\org\glassfish\jaxb\txw2\4.0.5\txw2-4.0.5.jar;C:\Users\ASUS\.m2\repository\com\sun\istack\istack-commons-runtime\4.1.2\istack-commons-runtime-4.1.2.jar;C:\Users\ASUS\.m2\repository\jakarta\inject\jakarta.inject-api\2.0.1\jakarta.inject-api-2.0.1.jar;C:\Users\ASUS\.m2\repository\org\antlr\antlr4-runtime\4.13.0\antlr4-runtime-4.13.0.jar;C:\Users\ASUS\.m2\repository\org\springframework\data\spring-data-jpa\3.3.2\spring-data-jpa-3.3.2.jar;C:\Users\ASUS\.m2\repository\org\springframework\data\spring-data-commons\3.3.2\spring-data-commons-3.3.2.jar;C:\Users\ASUS\.m2\repository\org\springframework\spring-orm\6.1.11\spring-orm-6.1.11.jar;C:\Users\ASUS\.m2\repository\org\springframework\spring-context\6.1.11\spring-context-6.1.11.jar;C:\Users\ASUS\.m2\repository\org\springframework\spring-tx\6.1.11\spring-tx-6.1.11.jar;C:\Users\ASUS\.m2\repository\org\springframework\spring-beans\6.1.11\spring-beans-6.1.11.jar;C:\Users\ASUS\.m2\repository\org\slf4j\slf4j-api\2.0.13\slf4j-api-2.0.13.jar;C:\Users\ASUS\.m2\repository\org\springframework\spring-aspects\6.1.11\spring-aspects-6.1.11.jar;C:\Users\ASUS\.m2\repository\org\springframework\boot\spring-boot-starter-thymeleaf\3.3.2\spring-boot-starter-thymeleaf-3.3.2.jar;C:\Users\ASUS\.m2\repository\org\springframework\boot\spring-boot-starter\3.3.2\spring-boot-starter-3.3.2.jar;C:\Users\ASUS\.m2\repository\org\springframework\boot\spring-boot\3.3.2\spring-boot-3.3.2.jar;C:\Users\ASUS\.m2\repository\org\springframework\boot\spring-boot-autoconfigure\3.3.2\spring-boot-autoconfigure-3.3.2.jar;C:\Users\ASUS\.m2\repository\org\springframework\boot\spring-boot-starter-logging\3.3.2\spring-boot-starter-logging-3.3.2.jar;C:\Users\ASUS\.m2\repository\ch\qos\logback\logback-classic\1.5.6\logback-classic-1.5.6.jar;C:\Users\ASUS\.m2\repository\ch\qos\logback\logback-core\1.5.6\logback-core-1.5.6.jar;C:\Users\ASUS\.m2\repository\org\apache\logging\log4j\log4j-to-slf4j\2.23.1\log4j-to-slf4j-2.23.1.jar;C:\Users\ASUS\.m2\repository\org\apache\logging\log4j\log4j-api\2.23.1\log4j-api-2.23.1.jar;C:\Users\ASUS\.m2\repository\org\slf4j\jul-to-slf4j\2.0.13\jul-to-slf4j-2.0.13.jar;C:\Users\ASUS\.m2\repository\org\yaml\snakeyaml\2.2\snakeyaml-2.2.jar;C:\Users\ASUS\.m2\repository\org\thymeleaf\thymeleaf-spring6\3.1.2.RELEASE\thymeleaf-spring6-3.1.2.RELEASE.jar;C:\Users\ASUS\.m2\repository\org\thymeleaf\thymeleaf\3.1.2.RELEASE\thymeleaf-3.1.2.RELEASE.jar;C:\Users\ASUS\.m2\repository\org\attoparser\attoparser\2.0.7.RELEASE\attoparser-2.0.7.RELEASE.jar;C:\Users\ASUS\.m2\repository\org\unbescape\unbescape\1.1.6.RELEASE\unbescape-1.1.6.RELEASE.jar;C:\Users\ASUS\.m2\repository\org\springframework\boot\spring-boot-starter-web\3.3.2\spring-boot-starter-web-3.3.2.jar;C:\Users\ASUS\.m2\repository\org\springframework\boot\spring-boot-starter-json\3.3.2\spring-boot-starter-json-3.3.2.jar;C:\Users\ASUS\.m2\repository\com\fasterxml\jackson\core\jackson-databind\2.17.2\jackson-databind-2.17.2.jar;C:\Users\ASUS\.m2\repository\com\fasterxml\jackson\core\jackson-annotations\2.17.2\jackson-annotations-2.17.2.jar;C:\Users\ASUS\.m2\repository\com\fasterxml\jackson\core\jackson-core\2.17.2\jackson-core-2.17.2.jar;C:\Users\ASUS\.m2\repository\com\fasterxml\jackson\datatype\jackson-datatype-jdk8\2.17.2\jackson-datatype-jdk8-2.17.2.jar;C:\Users\ASUS\.m2\repository\com\fasterxml\jackson\datatype\jackson-datatype-jsr310\2.17.2\jackson-datatype-jsr310-2.17.2.jar;C:\Users\ASUS\.m2\repository\com\fasterxml\jackson\module\jackson-module-parameter-names\2.17.2\jackson-module-parameter-names-2.17.2.jar;C:\Users\ASUS\.m2\repository\org\springframework\spring-web\6.1.11\spring-web-6.1.11.jar;C:\Users\ASUS\.m2\repository\io\micrometer\micrometer-observation\1.13.2\micrometer-observation-1.13.2.jar;C:\Users\ASUS\.m2\repository\io\micrometer\micrometer-commons\1.13.2\micrometer-commons-1.13.2.jar;C:\Users\ASUS\.m2\repository\org\springframework\spring-webmvc\6.1.11\spring-webmvc-6.1.11.jar;C:\Users\ASUS\.m2\repository\org\springframework\spring-expression\6.1.11\spring-expression-6.1.11.jar;C:\Users\ASUS\.m2\repository\com\mysql\mysql-connector-j\8.3.0\mysql-connector-j-8.3.0.jar;C:\Users\ASUS\.m2\repository\org\projectlombok\lombok\1.18.34\lombok-1.18.34.jar;C:\Users\ASUS\.m2\repository\org\springframework\boot\spring-boot-starter-tomcat\3.3.2\spring-boot-starter-tomcat-3.3.2.jar;C:\Users\ASUS\.m2\repository\jakarta\annotation\jakarta.annotation-api\2.1.1\jakarta.annotation-api-2.1.1.jar;C:\Users\ASUS\.m2\repository\org\apache\tomcat\embed\tomcat-embed-core\10.1.26\tomcat-embed-core-10.1.26.jar;C:\Users\ASUS\.m2\repository\org\apache\tomcat\embed\tomcat-embed-el\10.1.26\tomcat-embed-el-10.1.26.jar;C:\Users\ASUS\.m2\repository\org\apache\tomcat\embed\tomcat-embed-websocket\10.1.26\tomcat-embed-websocket-10.1.26.jar;C:\Users\ASUS\.m2\repository\jakarta\xml\bind\jakarta.xml.bind-api\4.0.2\jakarta.xml.bind-api-4.0.2.jar;C:\Users\ASUS\.m2\repository\jakarta\activation\jakarta.activation-api\2.1.3\jakarta.activation-api-2.1.3.jar;C:\Users\ASUS\.m2\repository\org\springframework\spring-core\6.1.11\spring-core-6.1.11.jar;C:\Users\ASUS\.m2\repository\org\springframework\spring-jcl\6.1.11\spring-jcl-6.1.11.jar
Launcher Type: SUN_STANDARD

[Global flags]
     intx CICompilerCount                          = 4                                         {product} {ergonomic}
     uint ConcGCThreads                            = 3                                         {product} {ergonomic}
     uint G1ConcRefinementThreads                  = 10                                        {product} {ergonomic}
   size_t G1HeapRegionSize                         = 2097152                                   {product} {ergonomic}
    uintx GCDrainStackTargetSize                   = 64                                        {product} {ergonomic}
   size_t InitialHeapSize                          = 264241152                                 {product} {ergonomic}
   size_t MarkStackSize                            = 4194304                                   {product} {ergonomic}
   size_t MaxHeapSize                              = 4223664128                                {product} {ergonomic}
   size_t MaxNewSize                               = 2533359616                                {product} {ergonomic}
   size_t MinHeapDeltaBytes                        = 2097152                                   {product} {ergonomic}
   size_t MinHeapSize                              = 8388608                                   {product} {ergonomic}
    uintx NonNMethodCodeHeapSize                   = 5839372                                {pd product} {ergonomic}
    uintx NonProfiledCodeHeapSize                  = 122909434                              {pd product} {ergonomic}
    uintx ProfiledCodeHeapSize                     = 122909434                              {pd product} {ergonomic}
    uintx ReservedCodeCacheSize                    = 251658240                              {pd product} {ergonomic}
     bool SegmentedCodeCache                       = true                                      {product} {ergonomic}
     bool ShowCodeDetailsInExceptionMessages       = true                                   {manageable} {command line}
   size_t SoftMaxHeapSize                          = 4223664128                             {manageable} {ergonomic}
     bool UseCompressedOops                        = true                           {product lp64_product} {ergonomic}
     bool UseG1GC                                  = true                                      {product} {ergonomic}
     bool UseLargePagesIndividualAllocation        = false                                  {pd product} {ergonomic}

Logging:
Log output configuration:
 #0: stdout all=warning uptime,level,tags foldmultilines=false
 #1: stderr all=off uptime,level,tags foldmultilines=false

Environment Variables:
JAVA_HOME=C:\Program Files\Java\jdk-21
PATH=C:\Program Files\Common Files\Oracle\Java\javapath;C:\Windows\system32;C:\Windows;C:\Windows\System32\Wbem;C:\Windows\System32\WindowsPowerShell\v1.0\;C:\Windows\System32\OpenSSH\;C:\Program Files (x86)\NVIDIA Corporation\PhysX\Common;C:\Program Files\NVIDIA Corporation\NVIDIA NvDLISR;C:\Program Files\dotnet\;C:\Program Files\Git\cmd;C:\Users\ASUS\AppData\Local\Microsoft\WindowsApps;C:\Users\ASUS\AppData\Local\Programs\Microsoft VS Code\bin;C:\Program Files\Java\jdk-21\bin;C:\apache-maven-3.9.6\bin;
USERNAME=ASUS
LANG=en_US.UTF-8
OS=Windows_NT
PROCESSOR_IDENTIFIER=Intel64 Family 6 Model 141 Stepping 1, GenuineIntel
TMP=C:\Users\ASUS\AppData\Local\Temp
TEMP=C:\Users\ASUS\AppData\Local\Temp




Periodic native trim disabled

---------------  S Y S T E M  ---------------

OS:
 Windows 11 , 64 bit Build 22621 (10.0.22621.3958)
OS uptime: 8 days 7:31 hours

CPU: total 12 (initial active 12) (6 cores per cpu, 2 threads per core) family 6 model 141 stepping 1 microcode 0x34, cx8, cmov, fxsr, ht, mmx, 3dnowpref, sse, sse2, sse3, ssse3, sse4.1, sse4.2, popcnt, lzcnt, tsc, tscinvbit, avx, avx2, aes, erms, clmul, bmi1, bmi2, adx, avx512f, avx512dq, avx512cd, avx512bw, avx512vl, sha, fma, vzeroupper, avx512_vpopcntdq, avx512_vpclmulqdq, avx512_vaes, avx512_vnni, clflush, clflushopt, clwb, avx512_vbmi2, avx512_vbmi, rdtscp, rdpid, fsrm, gfni, avx512_bitalg, f16c, pku, cet_ibt, cet_ss, avx512_ifma
Processor Information for all 12 processors :
  Max Mhz: 2688, Current Mhz: 2688, Mhz Limit: 2688

Memory: 4k page, system-wide physical 16105M (4156M free)
TotalPageFile size 45855M (AvailPageFile size 61M)
current process WorkingSet (physical memory assigned to process): 246M, peak: 282M
current process commit charge ("private bytes"): 295M, peak: 418M

vm_info: Java HotSpot(TM) 64-Bit Server VM (21.0.1+12-LTS-29) for windows-amd64 JRE (21.0.1+12-LTS-29), built on 2023-10-05T13:27:09Z by "mach5one" with MS VC++ 17.1 (VS2022)

END.
